SF:C:\Users\15034\cs367hw2-circularqueue-momkage-wou\CircularQueue\CircularQueue.cs
FN:26,System.Int32 CircularQueue.CircularQueue`1::get_Size()
FNDA:4,System.Int32 CircularQueue.CircularQueue`1::get_Size()
DA:27,4
FN:31,System.Int32 CircularQueue.CircularQueue`1::get_Capacity()
FNDA:80,System.Int32 CircularQueue.CircularQueue`1::get_Capacity()
DA:32,80
FN:37,System.Void CircularQueue.CircularQueue`1::Enqueue(T)
FNDA:35,System.Void CircularQueue.CircularQueue`1::Enqueue(T)
DA:38,35
DA:39,35
DA:40,1
DA:42,1
DA:46,34
DA:47,34
DA:48,34
DA:49,34
BRDA:39,17,0,1
BRDA:39,17,1,34
FN:54,T CircularQueue.CircularQueue`1::Dequeue()
FNDA:6,T CircularQueue.CircularQueue`1::Dequeue()
DA:55,6
DA:56,6
DA:57,0
DA:59,0
DA:62,6
DA:63,6
DA:64,6
DA:65,6
DA:66,6
DA:67,6
BRDA:56,12,0,0
BRDA:56,12,1,6
FN:72,T CircularQueue.CircularQueue`1::Peek()
FNDA:4,T CircularQueue.CircularQueue`1::Peek()
DA:73,4
DA:74,4
DA:75,0
DA:77,0
DA:80,4
DA:81,4
BRDA:74,12,0,0
BRDA:74,12,1,4
FN:86,T CircularQueue.CircularQueue`1::PeekRear()
FNDA:2,T CircularQueue.CircularQueue`1::PeekRear()
DA:87,2
DA:88,2
DA:89,0
DA:91,0
DA:94,2
DA:95,2
BRDA:88,12,0,0
BRDA:88,12,1,2
FN:100,System.Boolean CircularQueue.CircularQueue`1::IsEmpty()
FNDA:3,System.Boolean CircularQueue.CircularQueue`1::IsEmpty()
DA:101,3
DA:102,3
DA:103,3
FN:108,System.Void CircularQueue.CircularQueue`1::Resize(System.Int32)
FNDA:2,System.Void CircularQueue.CircularQueue`1::Resize(System.Int32)
DA:109,2
DA:110,2
DA:111,0
DA:113,0
DA:117,2
DA:118,12
DA:119,4
DA:121,4
DA:122,4
DA:124,2
DA:125,2
DA:126,2
DA:128,2
BRDA:110,12,0,0
BRDA:110,12,1,2
BRDA:118,87,1,4
BRDA:118,87,0,2
FN:15,System.Void CircularQueue.CircularQueue`1::.ctor(System.Int32)
FNDA:16,System.Void CircularQueue.CircularQueue`1::.ctor(System.Int32)
DA:16,16
DA:17,16
DA:18,16
DA:19,16
DA:20,16
DA:21,16
DA:22,16
LF:55
LH:47
BRF:12
BRH:8
FNF:9
FNH:9
end_of_record